# Push Log for NarcStudy_JefferyLawson
# Generated by gitfield-sync

[2025-07-01T23:23:15Z] Local: , Branch=master, Commit=a32211d
  Diff Summary:
     docs/integrity.sha256.sig.4E27D37C358872BF | 0
     1 file changed, 0 insertions(+), 0 deletions(-)
[2025-07-01T23:24:39Z] Radicle: RID=rad:z3FEj7rF8gZw9eFksCuiN43qjzrex, Peer ID=z6Mkw5s3ppo26C7y7tGK5MD8n2GqTHS582PPpeX5Xqbu2Mpz, Branch=master, Commit=a32211d
  CLI: rad inspect rad:z3FEj7rF8gZw9eFksCuiN43qjzrex # View project details
  CLI: git ls-tree -r --name-only HEAD # View file structure
  Diff Summary:
     .gitfield/radicle.sigil.md | 67 ++++++++++++++++++++++++++++++++++++++++++++++
     1 file changed, 67 insertions(+)
[2025-07-01T23:25:06Z] Forgejo: https://remember.thefoldwithin.earth/mrhavens/NarcStudy_JefferyLawson, Branch=master, Commit=a32211d
  Diff Summary:
     .gitfield/remember.sigil.md | 59 +++++++++++++++++++++++++++++++++++++++++++++
     1 file changed, 59 insertions(+)
[2025-07-01T23:25:34Z] Codeberg: https://codeberg.org/mrhavens/NarcStudy_JefferyLawson, Branch=master, Commit=a32211d
  Diff Summary:
     .gitfield/codeberg.sigil.md | 59 +++++++++++++++++++++++++++++++++++++++++++++
     1 file changed, 59 insertions(+)
